\BOOKMARK [1][-]{section.1}{\376\377\000\117\000\166\000\145\000\162\000\166\000\151\000\145\000\167}{}% 1
\BOOKMARK [1][-]{section.2}{\376\377\000\123\000\115\000\124\000\055\000\114\000\111\000\102\000\040\000\062\000\056\000\060\000\040\000\114\000\157\000\147\000\151\000\143}{}% 2
\BOOKMARK [2][-]{subsection.2.1}{\376\377\000\111\000\156\000\164\000\162\000\157\000\144\000\165\000\143\000\164\000\151\000\157\000\156}{section.2}% 3
\BOOKMARK [3][-]{subsubsection.2.1.1}{\376\377\000\123\000\145\000\164\000\163\000\040\000\157\000\146\000\040\000\123\000\171\000\155\000\142\000\157\000\154\000\163}{subsection.2.1}% 4
\BOOKMARK [3][-]{subsubsection.2.1.2}{\376\377\000\123\000\157\000\162\000\164\000\163}{subsection.2.1}% 5
\BOOKMARK [3][-]{subsubsection.2.1.3}{\376\377\000\123\000\151\000\147\000\156\000\141\000\164\000\165\000\162\000\145}{subsection.2.1}% 6
\BOOKMARK [3][-]{subsubsection.2.1.4}{\376\377\000\106\000\157\000\162\000\155\000\165\000\154\000\141\000\163}{subsection.2.1}% 7
\BOOKMARK [3][-]{subsubsection.2.1.5}{\376\377\000\123\000\164\000\162\000\165\000\143\000\164\000\165\000\162\000\145}{subsection.2.1}% 8
\BOOKMARK [3][-]{subsubsection.2.1.6}{\376\377\000\126\000\141\000\154\000\165\000\141\000\164\000\151\000\157\000\156\000\040\000\141\000\156\000\144\000\040\000\111\000\156\000\164\000\145\000\162\000\160\000\162\000\145\000\164\000\141\000\164\000\151\000\157\000\156}{subsection.2.1}% 9
\BOOKMARK [3][-]{subsubsection.2.1.7}{\376\377\000\124\000\150\000\145\000\157\000\162\000\151\000\145\000\163}{subsection.2.1}% 10
\BOOKMARK [3][-]{subsubsection.2.1.8}{\376\377\000\114\000\157\000\147\000\151\000\143\000\163}{subsection.2.1}% 11
\BOOKMARK [2][-]{subsection.2.2}{\376\377\000\124\000\150\000\145\000\157\000\162\000\171}{section.2}% 12
\BOOKMARK [3][-]{subsubsection.2.2.1}{\376\377\000\103\000\157\000\162\000\145\000\040\000\124\000\150\000\145\000\157\000\162\000\171}{subsection.2.2}% 13
\BOOKMARK [3][-]{subsubsection.2.2.2}{\376\377\000\111\000\156\000\164\000\145\000\147\000\145\000\162\000\040\000\124\000\150\000\145\000\157\000\162\000\171}{subsection.2.2}% 14
\BOOKMARK [3][-]{subsubsection.2.2.3}{\376\377\000\106\000\151\000\170\000\145\000\144\000\055\000\123\000\151\000\172\000\145\000\040\000\102\000\151\000\164\000\055\000\126\000\145\000\143\000\164\000\157\000\162\000\163\000\040\000\124\000\150\000\145\000\157\000\162\000\171}{subsection.2.2}% 15
\BOOKMARK [2][-]{subsection.2.3}{\376\377\000\114\000\157\000\147\000\151\000\143}{section.2}% 16
\BOOKMARK [3][-]{subsubsection.2.3.1}{\376\377\000\121\000\165\000\141\000\156\000\164\000\151\000\146\000\151\000\145\000\162\000\055\000\106\000\162\000\145\000\145\000\040\000\125\000\156\000\151\000\156\000\164\000\145\000\162\000\160\000\162\000\145\000\164\000\145\000\144\000\040\000\106\000\165\000\156\000\143\000\164\000\151\000\157\000\156\000\163}{subsection.2.3}% 17
\BOOKMARK [3][-]{subsubsection.2.3.2}{\376\377\000\121\000\165\000\141\000\156\000\164\000\151\000\146\000\151\000\145\000\162\000\055\000\106\000\162\000\145\000\145\000\040\000\114\000\151\000\156\000\145\000\141\000\162\000\040\000\111\000\156\000\164\000\145\000\147\000\145\000\162\000\040\000\101\000\162\000\151\000\164\000\150\000\155\000\145\000\164\000\151\000\143}{subsection.2.3}% 18
\BOOKMARK [3][-]{subsubsection.2.3.3}{\376\377\000\121\000\165\000\141\000\156\000\164\000\151\000\146\000\151\000\145\000\162\000\055\000\106\000\162\000\145\000\145\000\040\000\106\000\151\000\170\000\145\000\144\000\055\000\163\000\151\000\172\000\145\000\040\000\102\000\151\000\164\000\055\000\126\000\145\000\143\000\164\000\157\000\162\000\163}{subsection.2.3}% 19
\BOOKMARK [3][-]{subsubsection.2.3.4}{\376\377\000\121\000\165\000\141\000\156\000\164\000\151\000\146\000\151\000\145\000\162\000\055\000\106\000\162\000\145\000\145\000\040\000\111\000\156\000\164\000\145\000\147\000\145\000\162\000\163\000\040\000\104\000\151\000\146\000\146\000\145\000\162\000\145\000\156\000\143\000\145\000\040\000\114\000\157\000\147\000\151\000\143}{subsection.2.3}% 20
\BOOKMARK [3][-]{subsubsection.2.3.5}{\376\377\000\121\000\165\000\141\000\156\000\164\000\151\000\146\000\151\000\145\000\162\000\055\000\106\000\162\000\145\000\145\000\040\000\116\000\157\000\156\000\055\000\154\000\151\000\156\000\145\000\141\000\162\000\040\000\111\000\156\000\164\000\145\000\147\000\145\000\162\000\040\000\101\000\162\000\151\000\164\000\150\000\155\000\145\000\164\000\151\000\143}{subsection.2.3}% 21
\BOOKMARK [3][-]{subsubsection.2.3.6}{\376\377\000\121\000\165\000\141\000\156\000\164\000\151\000\146\000\151\000\145\000\162\000\055\000\106\000\162\000\145\000\145\000\040\000\125\000\156\000\151\000\156\000\164\000\145\000\162\000\160\000\162\000\145\000\164\000\145\000\144\000\040\000\106\000\165\000\156\000\143\000\164\000\151\000\157\000\156\000\163\000\040\000\157\000\166\000\145\000\162\000\040\000\106\000\151\000\170\000\145\000\144\000\055\000\163\000\151\000\172\000\145\000\040\000\102\000\151\000\164\000\055\000\126\000\145\000\143\000\164\000\157\000\162\000\163}{subsection.2.3}% 22
\BOOKMARK [3][-]{subsubsection.2.3.7}{\376\377\000\121\000\165\000\141\000\156\000\164\000\151\000\146\000\151\000\145\000\162\000\055\000\106\000\162\000\145\000\145\000\040\000\125\000\156\000\151\000\156\000\164\000\145\000\162\000\160\000\162\000\145\000\164\000\145\000\144\000\040\000\106\000\165\000\156\000\143\000\164\000\151\000\157\000\156\000\163\000\040\000\157\000\166\000\145\000\162\000\040\000\111\000\156\000\164\000\145\000\147\000\145\000\162\000\040\000\104\000\151\000\146\000\146\000\145\000\162\000\145\000\156\000\164\000\151\000\141\000\154\000\040\000\114\000\157\000\147\000\151\000\143}{subsection.2.3}% 23
\BOOKMARK [3][-]{subsubsection.2.3.8}{\376\377\000\121\000\165\000\141\000\156\000\164\000\151\000\146\000\151\000\145\000\162\000\055\000\106\000\162\000\145\000\145\000\040\000\125\000\156\000\151\000\156\000\164\000\145\000\162\000\160\000\162\000\145\000\164\000\145\000\144\000\040\000\106\000\165\000\156\000\143\000\164\000\151\000\157\000\156\000\163\000\040\000\157\000\166\000\145\000\162\000\040\000\114\000\151\000\156\000\145\000\141\000\162\000\040\000\111\000\156\000\164\000\145\000\147\000\145\000\162\000\040\000\101\000\162\000\151\000\164\000\150\000\155\000\145\000\164\000\151\000\143}{subsection.2.3}% 24
\BOOKMARK [3][-]{subsubsection.2.3.9}{\376\377\000\125\000\156\000\151\000\156\000\164\000\145\000\162\000\160\000\162\000\145\000\164\000\145\000\144\000\040\000\106\000\165\000\156\000\143\000\164\000\151\000\157\000\156\000\163\000\040\000\157\000\166\000\145\000\162\000\040\000\116\000\157\000\156\000\055\000\154\000\151\000\156\000\145\000\141\000\162\000\040\000\111\000\156\000\164\000\145\000\147\000\145\000\162\000\040\000\101\000\162\000\151\000\164\000\150\000\155\000\145\000\164\000\151\000\143}{subsection.2.3}% 25
\BOOKMARK [1][-]{section.3}{\376\377\000\103\000\157\000\155\000\160\000\141\000\162\000\151\000\156\000\147\000\040\000\103\000\126\000\103\000\064\000\040\000\141\000\156\000\144\000\040\000\101\000\154\000\164\000\055\000\105\000\162\000\147\000\157}{}% 26
\BOOKMARK [2][-]{subsection.3.1}{\376\377\000\103\000\126\000\103\000\064}{section.3}% 27
\BOOKMARK [2][-]{subsection.3.2}{\376\377\000\101\000\154\000\164\000\055\000\105\000\162\000\147\000\157}{section.3}% 28
\BOOKMARK [2][-]{subsection.3.3}{\376\377\000\124\000\145\000\163\000\164\000\151\000\156\000\147\000\040\000\102\000\157\000\164\000\150\000\040\000\123\000\157\000\154\000\166\000\145\000\162\000\163}{section.3}% 29
\BOOKMARK [3][-]{subsubsection.3.3.1}{\376\377\000\102\000\145\000\156\000\143\000\150\000\155\000\141\000\162\000\153\000\163}{subsection.3.3}% 30
\BOOKMARK [3][-]{subsubsection.3.3.2}{\376\377\000\124\000\145\000\163\000\164\000\151\000\156\000\147\000\040\000\115\000\145\000\164\000\150\000\157\000\144\000\163}{subsection.3.3}% 31
\BOOKMARK [2][-]{subsection.3.4}{\376\377\000\124\000\145\000\163\000\164\000\151\000\156\000\147\000\040\000\122\000\145\000\163\000\165\000\154\000\164\000\163}{section.3}% 32
\BOOKMARK [3][-]{subsubsection.3.4.1}{\376\377\000\107\000\145\000\156\000\145\000\162\000\141\000\154}{subsection.3.4}% 33
\BOOKMARK [3][-]{subsubsection.3.4.2}{\376\377\000\121\000\106\000\055\000\102\000\126\000\040\000\104\000\151\000\166\000\151\000\163\000\151\000\157\000\156}{subsection.3.4}% 34
\BOOKMARK [1][-]{section.4}{\376\377\000\103\000\157\000\156\000\143\000\154\000\165\000\163\000\151\000\157\000\156}{}% 35
\BOOKMARK [1][-]{section.5}{\376\377\000\101\000\143\000\153\000\156\000\157\000\167\000\154\000\145\000\144\000\147\000\145\000\155\000\145\000\156\000\164\000\163}{}% 36
